farmaa_mobile/android/app/build/intermediates/manifest_merge_blame_file/debug/processDebugMainManifest/manifest-merger-blame-debug-report.txt
1<?xml version="1.0" encoding="utf-8"?>
2<manifest xmlns:android="http://schemas.android.com/apk/res/android"
3    package="farmaa.app"
4    android:versionCode="1"
5    android:versionName="2.0.0" >
6
7    <uses-sdk
8        android:minSdkVersion="24"
9        android:targetSdkVersion="36" />
10    <!--
11         The INTERNET permission is required for development. Specifically,
12         the Flutter tool needs it to communicate with the running application
13         to allow setting breakpoints, to provide hot reload, etc.
14    -->
15    <uses-permission android:name="android.permission.INTERNET" />
15-->src\main\AndroidManifest.xml:6:5-66
15-->src\main\AndroidManifest.xml:6:22-64
16    <!-- Required for push notifications on Android 13+ -->
17    <uses-permission android:name="android.permission.POST_NOTIFICATIONS" /> <!-- Required for local network discovery -->
17-->src\main\AndroidManifest.xml:4:5-76
17-->src\main\AndroidManifest.xml:4:22-74
18    <uses-permission android:name="android.permission.ACCESS_NETWORK_STATE" />
18-->src\main\AndroidManifest.xml:8:5-79
18-->src\main\AndroidManifest.xml:8:22-76
19    <uses-permission android:name="android.permission.ACCESS_WIFI_STATE" />
19-->src\main\AndroidManifest.xml:9:5-76
19-->src\main\AndroidManifest.xml:9:22-73
20    <!--
21 Required to query activities that can process text, see:
22         https://developer.android.com/training/package-visibility and
23         https://developer.android.com/reference/android/content/Intent#ACTION_PROCESS_TEXT.
24         In particular, this is used by the Flutter engine in io.flutter.plugin.text.ProcessTextPlugin.
25    -->
26    <queries>
26-->src\main\AndroidManifest.xml:69:5-74:15
27        <intent>
27-->src\main\AndroidManifest.xml:70:9-73:18
28            <action android:name="android.intent.action.PROCESS_TEXT" />
28-->src\main\AndroidManifest.xml:71:13-72
28-->src\main\AndroidManifest.xml:71:21-70
29
30            <data android:mimeType="text/plain" />
30-->src\main\AndroidManifest.xml:72:13-50
30-->src\main\AndroidManifest.xml:72:19-48
31        </intent>
32        <intent>
32-->[com.razorpay:standard-core:1.7.10] AndroidManifest.xml:11:9-17:18
33            <action android:name="android.intent.action.VIEW" />
33-->[com.google.firebase:firebase-auth:24.0.1] AndroidManifest.xml:36:17-69
33-->[com.google.firebase:firebase-auth:24.0.1] AndroidManifest.xml:36:25-66
34
35            <data
35-->src\main\AndroidManifest.xml:72:13-50
36                android:mimeType="*/*"
36-->src\main\AndroidManifest.xml:72:19-48
37                android:scheme="*" />
38        </intent>
39        <intent>
39-->[com.razorpay:standard-core:1.7.10] AndroidManifest.xml:18:9-27:18
40            <action android:name="android.intent.action.VIEW" />
40-->[com.google.firebase:firebase-auth:24.0.1] AndroidManifest.xml:36:17-69
40-->[com.google.firebase:firebase-auth:24.0.1] AndroidManifest.xml:36:25-66
41
42            <category android:name="android.intent.category.BROWSABLE" />
42-->[com.google.firebase:firebase-auth:24.0.1] AndroidManifest.xml:39:17-78
42-->[com.google.firebase:firebase-auth:24.0.1] AndroidManifest.xml:39:27-75
43
44            <data
44-->src\main\AndroidManifest.xml:72:13-50
45                android:host="pay"
46                android:mimeType="*/*"
46-->src\main\AndroidManifest.xml:72:19-48
47                android:scheme="upi" />
48        </intent>
49        <intent>
49-->[com.razorpay:standard-core:1.7.10] AndroidManifest.xml:28:9-30:18
50            <action android:name="android.intent.action.MAIN" />
50-->[com.razorpay:standard-core:1.7.10] AndroidManifest.xml:29:13-65
50-->[com.razorpay:standard-core:1.7.10] AndroidManifest.xml:29:21-62
51        </intent>
52        <intent>
52-->[com.razorpay:standard-core:1.7.10] AndroidManifest.xml:31:9-35:18
53            <action android:name="android.intent.action.SEND" />
53-->[com.razorpay:standard-core:1.7.10] AndroidManifest.xml:32:13-65
53-->[com.razorpay:standard-core:1.7.10] AndroidManifest.xml:32:21-62
54
55            <data android:mimeType="*/*" />
55-->src\main\AndroidManifest.xml:72:13-50
55-->src\main\AndroidManifest.xml:72:19-48
56        </intent>
57        <intent>
57-->[com.razorpay:standard-core:1.7.10] AndroidManifest.xml:36:9-38:18
58            <action android:name="rzp.device_token.share" />
58-->[com.razorpay:standard-core:1.7.10] AndroidManifest.xml:37:13-61
58-->[com.razorpay:standard-core:1.7.10] AndroidManifest.xml:37:21-58
59        </intent>
60    </queries>
61
62    <uses-permission android:name="android.permission.WAKE_LOCK" /> <!-- Required by older versions of Google Play services to create IID tokens -->
62-->[:firebase_messaging] AndroidManifest.xml:8:5-68
62-->[:firebase_messaging] AndroidManifest.xml:8:22-65
63    <uses-permission android:name="com.google.android.c2dm.permission.RECEIVE" />
63-->[com.google.firebase:firebase-messaging:25.0.1] AndroidManifest.xml:26:5-82
63-->[com.google.firebase:firebase-messaging:25.0.1] AndroidManifest.xml:26:22-79
64    <uses-permission android:name="com.google.android.gms.permission.AD_ID" />
64-->[com.google.android.gms:play-services-measurement-api:23.0.0] AndroidManifest.xml:25:5-79
64-->[com.google.android.gms:play-services-measurement-api:23.0.0] AndroidManifest.xml:25:22-76
65    <uses-permission android:name="android.permission.ACCESS_ADSERVICES_ATTRIBUTION" />
65-->[com.google.android.gms:play-services-measurement-api:23.0.0] AndroidManifest.xml:26:5-88
65-->[com.google.android.gms:play-services-measurement-api:23.0.0] AndroidManifest.xml:26:22-85
66    <uses-permission android:name="android.permission.ACCESS_ADSERVICES_AD_ID" />
66-->[com.google.android.gms:play-services-measurement-api:23.0.0] AndroidManifest.xml:27:5-82
66-->[com.google.android.gms:play-services-measurement-api:23.0.0] AndroidManifest.xml:27:22-79
67    <uses-permission android:name="android.permission.VIBRATE" />
67-->[:flutter_local_notifications] AndroidManifest.xml:7:5-66
67-->[:flutter_local_notifications] AndroidManifest.xml:7:22-63
68    <uses-permission android:name="com.google.android.finsky.permission.BIND_GET_INSTALL_REFERRER_SERVICE" />
68-->[com.google.android.gms:play-services-measurement:23.0.0] AndroidManifest.xml:26:5-110
68-->[com.google.android.gms:play-services-measurement:23.0.0] AndroidManifest.xml:26:22-107
69    <uses-permission android:name="com.google.android.providers.gsf.permission.READ_GSERVICES" />
69-->[com.google.android.recaptcha:recaptcha:18.6.1] AndroidManifest.xml:9:5-98
69-->[com.google.android.recaptcha:recaptcha:18.6.1] AndroidManifest.xml:9:22-95
70
71    <uses-feature
71-->[com.google.android.gms:play-services-maps:17.0.0] AndroidManifest.xml:26:5-28:35
72        android:glEsVersion="0x00020000"
72-->[com.google.android.gms:play-services-maps:17.0.0] AndroidManifest.xml:27:9-41
73        android:required="true" />
73-->[com.google.android.gms:play-services-maps:17.0.0] AndroidManifest.xml:28:9-32
74
75    <permission
75-->[androidx.core:core:1.17.0] AndroidManifest.xml:22:5-24:47
76        android:name="farmaa.app.DYNAMIC_RECEIVER_NOT_EXPORTED_PERMISSION"
76-->[androidx.core:core:1.17.0] AndroidManifest.xml:23:9-81
77        android:protectionLevel="signature" />
77-->[androidx.core:core:1.17.0] AndroidManifest.xml:24:9-44
78
79    <uses-permission android:name="farmaa.app.DYNAMIC_RECEIVER_NOT_EXPORTED_PERMISSION" /> <!-- Normal permission, automatically granted on API 23+ -->
79-->[androidx.core:core:1.17.0] AndroidManifest.xml:26:5-97
79-->[androidx.core:core:1.17.0] AndroidManifest.xml:26:22-94
80    <uses-permission android:name="android.permission.READ_BASIC_PHONE_STATE" />
80-->[com.razorpay:core:1.0.10] AndroidManifest.xml:10:5-81
80-->[com.razorpay:core:1.0.10] AndroidManifest.xml:10:22-78
81
82    <application
83        android:name="android.app.Application"
84        android:appComponentFactory="androidx.core.app.CoreComponentFactory"
84-->[androidx.core:core:1.17.0] AndroidManifest.xml:28:18-86
85        android:debuggable="true"
86        android:extractNativeLibs="false"
87        android:icon="@mipmap/ic_launcher"
88        android:label="Farmaa"
89        android:networkSecurityConfig="@xml/network_security_config" >
90        <activity
91            android:name="farmaa.app.MainActivity"
92            android:configChanges="orientation|keyboardHidden|keyboard|screenSize|smallestScreenSize|locale|layoutDirection|fontScale|screenLayout|density|uiMode"
93            android:exported="true"
94            android:hardwareAccelerated="true"
95            android:launchMode="singleTop"
96            android:taskAffinity=""
97            android:theme="@style/LaunchTheme"
98            android:windowSoftInputMode="adjustResize" >
99
100            <!--
101                 Specifies an Android theme to apply to this Activity as soon as
102                 the Android process has started. This theme is visible to the user
103                 while the Flutter UI initializes. After that, this theme continues
104                 to determine the Window background behind the Flutter UI.
105            -->
106            <meta-data
107                android:name="io.flutter.embedding.android.NormalTheme"
108                android:resource="@style/NormalTheme" />
109
110            <intent-filter>
111                <action android:name="android.intent.action.MAIN" />
111-->[com.razorpay:standard-core:1.7.10] AndroidManifest.xml:29:13-65
111-->[com.razorpay:standard-core:1.7.10] AndroidManifest.xml:29:21-62
112
113                <category android:name="android.intent.category.LAUNCHER" />
114            </intent-filter>
115        </activity>
116
117        <!-- FCM default notification channel (Android 8+) -->
118        <meta-data
119            android:name="com.google.firebase.messaging.default_notification_channel_id"
120            android:value="farmaa_channel" />
121
122        <!-- FCM default notification icon & color -->
123        <meta-data
124            android:name="com.google.firebase.messaging.default_notification_icon"
125            android:resource="@mipmap/ic_launcher" />
126        <meta-data
127            android:name="com.google.firebase.messaging.default_notification_color"
128            android:resource="@color/notification_color" />
129
130        <!-- Disable Impeller to fallback to Skia for better stability on certain Android devices -->
131        <meta-data
132            android:name="io.flutter.embedding.android.EnableImpeller"
133            android:value="false" />
134
135        <!--
136             Don't delete the meta-data below.
137             This is used by the Flutter tool to generate GeneratedPluginRegistrant.java
138        -->
139        <meta-data
140            android:name="flutterEmbedding"
141            android:value="2" />
142
143        <service
143-->[:firebase_auth] AndroidManifest.xml:8:9-12:19
144            android:name="com.google.firebase.components.ComponentDiscoveryService"
144-->[:firebase_auth] AndroidManifest.xml:8:18-89
145            android:directBootAware="true"
145-->[com.google.firebase:firebase-common:22.0.1] AndroidManifest.xml:32:13-43
146            android:exported="false" >
146-->[com.google.firebase:firebase-messaging:25.0.1] AndroidManifest.xml:56:13-37
147            <meta-data
147-->[:firebase_auth] AndroidManifest.xml:9:13-11:85
148                android:name="com.google.firebase.components:io.flutter.plugins.firebase.auth.FlutterFirebaseAuthRegistrar"
148-->[:firebase_auth] AndroidManifest.xml:10:17-124
149                android:value="com.google.firebase.components.ComponentRegistrar" />
149-->[:firebase_auth] AndroidManifest.xml:11:17-82
150            <meta-data
150-->[:firebase_messaging] AndroidManifest.xml:36:13-38:85
151                android:name="com.google.firebase.components:io.flutter.plugins.firebase.messaging.FlutterFirebaseAppRegistrar"
151-->[:firebase_messaging] AndroidManifest.xml:37:17-128
152                android:value="com.google.firebase.components.ComponentRegistrar" />
152-->[:firebase_messaging] AndroidManifest.xml:38:17-82
153            <meta-data
153-->[:firebase_core] AndroidManifest.xml:9:13-11:85
154                android:name="com.google.firebase.components:io.flutter.plugins.firebase.core.FlutterFirebaseCoreRegistrar"
154-->[:firebase_core] AndroidManifest.xml:10:17-124
155                android:value="com.google.firebase.components.ComponentRegistrar" />
155-->[:firebase_core] AndroidManifest.xml:11:17-82
156            <meta-data
156-->[com.google.firebase:firebase-messaging:25.0.1] AndroidManifest.xml:57:13-59:85
157                android:name="com.google.firebase.components:com.google.firebase.messaging.FirebaseMessagingKtxRegistrar"
157-->[com.google.firebase:firebase-messaging:25.0.1] AndroidManifest.xml:58:17-122
158                android:value="com.google.firebase.components.ComponentRegistrar" />
158-->[com.google.firebase:firebase-messaging:25.0.1] AndroidManifest.xml:59:17-82
159            <meta-data
159-->[com.google.firebase:firebase-messaging:25.0.1] AndroidManifest.xml:60:13-62:85
160                android:name="com.google.firebase.components:com.google.firebase.messaging.FirebaseMessagingRegistrar"
160-->[com.google.firebase:firebase-messaging:25.0.1] AndroidManifest.xml:61:17-119
161                android:value="com.google.firebase.components.ComponentRegistrar" />
161-->[com.google.firebase:firebase-messaging:25.0.1] AndroidManifest.xml:62:17-82
162            <meta-data
162-->[com.google.firebase:firebase-auth:24.0.1] AndroidManifest.xml:69:13-71:85
163                android:name="com.google.firebase.components:com.google.firebase.auth.FirebaseAuthRegistrar"
163-->[com.google.firebase:firebase-auth:24.0.1] AndroidManifest.xml:70:17-109
164                android:value="com.google.firebase.components.ComponentRegistrar" />
164-->[com.google.firebase:firebase-auth:24.0.1] AndroidManifest.xml:71:17-82
165            <meta-data
165-->[com.google.android.gms:play-services-measurement-api:23.0.0] AndroidManifest.xml:33:13-35:85
166                android:name="com.google.firebase.components:com.google.firebase.analytics.connector.internal.AnalyticsConnectorRegistrar"
166-->[com.google.android.gms:play-services-measurement-api:23.0.0] AndroidManifest.xml:34:17-139
167                android:value="com.google.firebase.components.ComponentRegistrar" />
167-->[com.google.android.gms:play-services-measurement-api:23.0.0] AndroidManifest.xml:35:17-82
168            <meta-data
168-->[com.google.firebase:firebase-installations:19.0.1] AndroidManifest.xml:15:13-17:85
169                android:name="com.google.firebase.components:com.google.firebase.installations.FirebaseInstallationsKtxRegistrar"
169-->[com.google.firebase:firebase-installations:19.0.1] AndroidManifest.xml:16:17-130
170                android:value="com.google.firebase.components.ComponentRegistrar" />
170-->[com.google.firebase:firebase-installations:19.0.1] AndroidManifest.xml:17:17-82
171            <meta-data
171-->[com.google.firebase:firebase-installations:19.0.1] AndroidManifest.xml:18:13-20:85
172                android:name="com.google.firebase.components:com.google.firebase.installations.FirebaseInstallationsRegistrar"
172-->[com.google.firebase:firebase-installations:19.0.1] AndroidManifest.xml:19:17-127
173                android:value="com.google.firebase.components.ComponentRegistrar" />
173-->[com.google.firebase:firebase-installations:19.0.1] AndroidManifest.xml:20:17-82
174            <meta-data
174-->[com.google.firebase:firebase-common:22.0.1] AndroidManifest.xml:35:13-37:85
175                android:name="com.google.firebase.components:com.google.firebase.FirebaseCommonKtxRegistrar"
175-->[com.google.firebase:firebase-common:22.0.1] AndroidManifest.xml:36:17-109
176                android:value="com.google.firebase.components.ComponentRegistrar" />
176-->[com.google.firebase:firebase-common:22.0.1] AndroidManifest.xml:37:17-82
177            <meta-data
177-->[com.google.firebase:firebase-datatransport:18.2.0] AndroidManifest.xml:25:13-27:85
178                android:name="com.google.firebase.components:com.google.firebase.datatransport.TransportRegistrar"
178-->[com.google.firebase:firebase-datatransport:18.2.0] AndroidManifest.xml:26:17-115
179                android:value="com.google.firebase.components.ComponentRegistrar" />
179-->[com.google.firebase:firebase-datatransport:18.2.0] AndroidManifest.xml:27:17-82
180        </service>
181        <service
181-->[:firebase_messaging] AndroidManifest.xml:14:9-17:72
182            android:name="io.flutter.plugins.firebase.messaging.FlutterFirebaseMessagingBackgroundService"
182-->[:firebase_messaging] AndroidManifest.xml:15:13-107
183            android:exported="false"
183-->[:firebase_messaging] AndroidManifest.xml:16:13-37
184            android:permission="android.permission.BIND_JOB_SERVICE" />
184-->[:firebase_messaging] AndroidManifest.xml:17:13-69
185        <service
185-->[:firebase_messaging] AndroidManifest.xml:18:9-24:19
186            android:name="io.flutter.plugins.firebase.messaging.FlutterFirebaseMessagingService"
186-->[:firebase_messaging] AndroidManifest.xml:19:13-97
187            android:exported="false" >
187-->[:firebase_messaging] AndroidManifest.xml:20:13-37
188            <intent-filter>
188-->[:firebase_messaging] AndroidManifest.xml:21:13-23:29
189                <action android:name="com.google.firebase.MESSAGING_EVENT" />
189-->[:firebase_messaging] AndroidManifest.xml:22:17-78
189-->[:firebase_messaging] AndroidManifest.xml:22:25-75
190            </intent-filter>
191        </service>
192
193        <receiver
193-->[:firebase_messaging] AndroidManifest.xml:26:9-33:20
194            android:name="io.flutter.plugins.firebase.messaging.FlutterFirebaseMessagingReceiver"
194-->[:firebase_messaging] AndroidManifest.xml:27:13-98
195            android:exported="true"
195-->[:firebase_messaging] AndroidManifest.xml:28:13-36
196            android:permission="com.google.android.c2dm.permission.SEND" >
196-->[:firebase_messaging] AndroidManifest.xml:29:13-73
197            <intent-filter>
197-->[:firebase_messaging] AndroidManifest.xml:30:13-32:29
198                <action android:name="com.google.android.c2dm.intent.RECEIVE" />
198-->[:firebase_messaging] AndroidManifest.xml:31:17-81
198-->[:firebase_messaging] AndroidManifest.xml:31:25-78
199            </intent-filter>
200        </receiver>
201
202        <provider
202-->[:firebase_messaging] AndroidManifest.xml:41:9-45:38
203            android:name="io.flutter.plugins.firebase.messaging.FlutterFirebaseMessagingInitProvider"
203-->[:firebase_messaging] AndroidManifest.xml:42:13-102
204            android:authorities="farmaa.app.flutterfirebasemessaginginitprovider"
204-->[:firebase_messaging] AndroidManifest.xml:43:13-88
205            android:exported="false"
205-->[:firebase_messaging] AndroidManifest.xml:44:13-37
206            android:initOrder="99" />
206-->[:firebase_messaging] AndroidManifest.xml:45:13-35
207
208        <receiver
208-->[com.google.firebase:firebase-messaging:25.0.1] AndroidManifest.xml:29:9-40:20
209            android:name="com.google.firebase.iid.FirebaseInstanceIdReceiver"
209-->[com.google.firebase:firebase-messaging:25.0.1] AndroidManifest.xml:30:13-78
210            android:exported="true"
210-->[com.google.firebase:firebase-messaging:25.0.1] AndroidManifest.xml:31:13-36
211            android:permission="com.google.android.c2dm.permission.SEND" >
211-->[com.google.firebase:firebase-messaging:25.0.1] AndroidManifest.xml:32:13-73
212            <intent-filter>
212-->[:firebase_messaging] AndroidManifest.xml:30:13-32:29
213                <action android:name="com.google.android.c2dm.intent.RECEIVE" />
213-->[:firebase_messaging] AndroidManifest.xml:31:17-81
213-->[:firebase_messaging] AndroidManifest.xml:31:25-78
214            </intent-filter>
215
216            <meta-data
216-->[com.google.firebase:firebase-messaging:25.0.1] AndroidManifest.xml:37:13-39:40
217                android:name="com.google.android.gms.cloudmessaging.FINISHED_AFTER_HANDLED"
217-->[com.google.firebase:firebase-messaging:25.0.1] AndroidManifest.xml:38:17-92
218                android:value="true" />
218-->[com.google.firebase:firebase-messaging:25.0.1] AndroidManifest.xml:39:17-37
219        </receiver>
220        <!--
221             FirebaseMessagingService performs security checks at runtime,
222             but set to not exported to explicitly avoid allowing another app to call it.
223        -->
224        <service
224-->[com.google.firebase:firebase-messaging:25.0.1] AndroidManifest.xml:46:9-53:19
225            android:name="com.google.firebase.messaging.FirebaseMessagingService"
225-->[com.google.firebase:firebase-messaging:25.0.1] AndroidManifest.xml:47:13-82
226            android:directBootAware="true"
226-->[com.google.firebase:firebase-messaging:25.0.1] AndroidManifest.xml:48:13-43
227            android:exported="false" >
227-->[com.google.firebase:firebase-messaging:25.0.1] AndroidManifest.xml:49:13-37
228            <intent-filter android:priority="-500" >
228-->[:firebase_messaging] AndroidManifest.xml:21:13-23:29
229                <action android:name="com.google.firebase.MESSAGING_EVENT" />
229-->[:firebase_messaging] AndroidManifest.xml:22:17-78
229-->[:firebase_messaging] AndroidManifest.xml:22:25-75
230            </intent-filter>
231        </service>
232
233        <activity
233-->[com.google.firebase:firebase-auth:24.0.1] AndroidManifest.xml:29:9-46:20
234            android:name="com.google.firebase.auth.internal.GenericIdpActivity"
234-->[com.google.firebase:firebase-auth:24.0.1] AndroidManifest.xml:30:13-80
235            android:excludeFromRecents="true"
235-->[com.google.firebase:firebase-auth:24.0.1] AndroidManifest.xml:31:13-46
236            android:exported="true"
236-->[com.google.firebase:firebase-auth:24.0.1] AndroidManifest.xml:32:13-36
237            android:launchMode="singleTask"
237-->[com.google.firebase:firebase-auth:24.0.1] AndroidManifest.xml:33:13-44
238            android:theme="@android:style/Theme.Translucent.NoTitleBar" >
238-->[com.google.firebase:firebase-auth:24.0.1] AndroidManifest.xml:34:13-72
239            <intent-filter>
239-->[com.google.firebase:firebase-auth:24.0.1] AndroidManifest.xml:35:13-45:29
240                <action android:name="android.intent.action.VIEW" />
240-->[com.google.firebase:firebase-auth:24.0.1] AndroidManifest.xml:36:17-69
240-->[com.google.firebase:firebase-auth:24.0.1] AndroidManifest.xml:36:25-66
241
242                <category android:name="android.intent.category.DEFAULT" />
242-->[com.google.firebase:firebase-auth:24.0.1] AndroidManifest.xml:38:17-76
242-->[com.google.firebase:firebase-auth:24.0.1] AndroidManifest.xml:38:27-73
243                <category android:name="android.intent.category.BROWSABLE" />
243-->[com.google.firebase:firebase-auth:24.0.1] AndroidManifest.xml:39:17-78
243-->[com.google.firebase:firebase-auth:24.0.1] AndroidManifest.xml:39:27-75
244
245                <data
245-->src\main\AndroidManifest.xml:72:13-50
246                    android:host="firebase.auth"
247                    android:path="/"
248                    android:scheme="genericidp" />
249            </intent-filter>
250        </activity>
251        <activity
251-->[com.google.firebase:firebase-auth:24.0.1] AndroidManifest.xml:47:9-64:20
252            android:name="com.google.firebase.auth.internal.RecaptchaActivity"
252-->[com.google.firebase:firebase-auth:24.0.1] AndroidManifest.xml:48:13-79
253            android:excludeFromRecents="true"
253-->[com.google.firebase:firebase-auth:24.0.1] AndroidManifest.xml:49:13-46
254            android:exported="true"
254-->[com.google.firebase:firebase-auth:24.0.1] AndroidManifest.xml:50:13-36
255            android:launchMode="singleTask"
255-->[com.google.firebase:firebase-auth:24.0.1] AndroidManifest.xml:51:13-44
256            android:theme="@android:style/Theme.Translucent.NoTitleBar" >
256-->[com.google.firebase:firebase-auth:24.0.1] AndroidManifest.xml:52:13-72
257            <intent-filter>
257-->[com.google.firebase:firebase-auth:24.0.1] AndroidManifest.xml:53:13-63:29
258                <action android:name="android.intent.action.VIEW" />
258-->[com.google.firebase:firebase-auth:24.0.1] AndroidManifest.xml:36:17-69
258-->[com.google.firebase:firebase-auth:24.0.1] AndroidManifest.xml:36:25-66
259
260                <category android:name="android.intent.category.DEFAULT" />
260-->[com.google.firebase:firebase-auth:24.0.1] AndroidManifest.xml:38:17-76
260-->[com.google.firebase:firebase-auth:24.0.1] AndroidManifest.xml:38:27-73
261                <category android:name="android.intent.category.BROWSABLE" />
261-->[com.google.firebase:firebase-auth:24.0.1] AndroidManifest.xml:39:17-78
261-->[com.google.firebase:firebase-auth:24.0.1] AndroidManifest.xml:39:27-75
262
263                <data
263-->src\main\AndroidManifest.xml:72:13-50
264                    android:host="firebase.auth"
265                    android:path="/"
266                    android:scheme="recaptcha" />
267            </intent-filter>
268        </activity>
269
270        <provider
270-->[com.google.firebase:firebase-common:22.0.1] AndroidManifest.xml:23:9-28:39
271            android:name="com.google.firebase.provider.FirebaseInitProvider"
271-->[com.google.firebase:firebase-common:22.0.1] AndroidManifest.xml:24:13-77
272            android:authorities="farmaa.app.firebaseinitprovider"
272-->[com.google.firebase:firebase-common:22.0.1] AndroidManifest.xml:25:13-72
273            android:directBootAware="true"
273-->[com.google.firebase:firebase-common:22.0.1] AndroidManifest.xml:26:13-43
274            android:exported="false"
274-->[com.google.firebase:firebase-common:22.0.1] AndroidManifest.xml:27:13-37
275            android:initOrder="100" />
275-->[com.google.firebase:firebase-common:22.0.1] AndroidManifest.xml:28:13-36
276        <provider
276-->[:image_picker_android] AndroidManifest.xml:9:9-17:20
277            android:name="io.flutter.plugins.imagepicker.ImagePickerFileProvider"
277-->[:image_picker_android] AndroidManifest.xml:10:13-82
278            android:authorities="farmaa.app.flutter.image_provider"
278-->[:image_picker_android] AndroidManifest.xml:11:13-74
279            android:exported="false"
279-->[:image_picker_android] AndroidManifest.xml:12:13-37
280            android:grantUriPermissions="true" >
280-->[:image_picker_android] AndroidManifest.xml:13:13-47
281            <meta-data
281-->[:image_picker_android] AndroidManifest.xml:14:13-16:75
282                android:name="android.support.FILE_PROVIDER_PATHS"
282-->[:image_picker_android] AndroidManifest.xml:15:17-67
283                android:resource="@xml/flutter_image_picker_file_paths" />
283-->[:image_picker_android] AndroidManifest.xml:16:17-72
284        </provider> <!-- Trigger Google Play services to install the backported photo picker module. -->
285        <service
285-->[:image_picker_android] AndroidManifest.xml:19:9-31:19
286            android:name="com.google.android.gms.metadata.ModuleDependencies"
286-->[:image_picker_android] AndroidManifest.xml:20:13-78
287            android:enabled="false"
287-->[:image_picker_android] AndroidManifest.xml:21:13-36
288            android:exported="false" >
288-->[:image_picker_android] AndroidManifest.xml:22:13-37
289            <intent-filter>
289-->[:image_picker_android] AndroidManifest.xml:24:13-26:29
290                <action android:name="com.google.android.gms.metadata.MODULE_DEPENDENCIES" />
290-->[:image_picker_android] AndroidManifest.xml:25:17-94
290-->[:image_picker_android] AndroidManifest.xml:25:25-91
291            </intent-filter>
292
293            <meta-data
293-->[:image_picker_android] AndroidManifest.xml:28:13-30:36
294                android:name="photopicker_activity:0:required"
294-->[:image_picker_android] AndroidManifest.xml:29:17-63
295                android:value="" />
295-->[:image_picker_android] AndroidManifest.xml:30:17-33
296        </service>
297
298        <activity
298-->[:url_launcher_android] AndroidManifest.xml:8:9-11:74
299            android:name="io.flutter.plugins.urllauncher.WebViewActivity"
299-->[:url_launcher_android] AndroidManifest.xml:9:13-74
300            android:exported="false"
300-->[:url_launcher_android] AndroidManifest.xml:10:13-37
301            android:theme="@android:style/Theme.NoTitleBar.Fullscreen" />
301-->[:url_launcher_android] AndroidManifest.xml:11:13-71
302
303        <uses-library
303-->[androidx.window:window:1.2.0] AndroidManifest.xml:23:9-25:40
304            android:name="androidx.window.extensions"
304-->[androidx.window:window:1.2.0] AndroidManifest.xml:24:13-54
305            android:required="false" />
305-->[androidx.window:window:1.2.0] AndroidManifest.xml:25:13-37
306        <uses-library
306-->[androidx.window:window:1.2.0] AndroidManifest.xml:26:9-28:40
307            android:name="androidx.window.sidecar"
307-->[androidx.window:window:1.2.0] AndroidManifest.xml:27:13-51
308            android:required="false" />
308-->[androidx.window:window:1.2.0] AndroidManifest.xml:28:13-37
309
310        <service
310-->[androidx.credentials:credentials-play-services-auth:1.2.0-rc01] AndroidManifest.xml:24:9-32:19
311            android:name="androidx.credentials.playservices.CredentialProviderMetadataHolder"
311-->[androidx.credentials:credentials-play-services-auth:1.2.0-rc01] AndroidManifest.xml:25:13-94
312            android:enabled="true"
312-->[androidx.credentials:credentials-play-services-auth:1.2.0-rc01] AndroidManifest.xml:26:13-35
313            android:exported="false" >
313-->[androidx.credentials:credentials-play-services-auth:1.2.0-rc01] AndroidManifest.xml:27:13-37
314            <meta-data
314-->[androidx.credentials:credentials-play-services-auth:1.2.0-rc01] AndroidManifest.xml:29:13-31:104